commit 09a15688c9988fdc605cf581686482cfe6409ac0
Author: Criss <wuzheyun@gmail.com>
Date:   Fri Apr 9 03:48:37 2021 +0300

    submit reports

commit 039ceccf73c0b6114717fd0418f5d8338184a699
Author: Criss <wuzheyun@gmail.com>
Date:   Fri Apr 9 03:48:28 2021 +0300

    submit imgs

commit 4075563733812b6cae79b26d001db892e0eb7c4b
Author: Criss <wuzheyun@gmail.com>
Date:   Fri Apr 9 03:48:15 2021 +0300

    submit code

commit a0c5b84fe2c9c26afc8489f514671090a3789799
Author: Criss <wuzheyun@gmail.com>
Date:   Sat Apr 3 01:15:21 2021 +0300

    added 1.1 & 1.2

commit 4005c7a2e0d674d029accc8dcdb7cb3318776df3
Author: Criss <wuzheyun@gmail.com>
Date:   Sat Apr 3 01:14:32 2021 +0300

    init repo
